<?xml version="1.0" encoding="UTF-8"?>
<coverage generated="1690581571438" clover="3.2.0">
  <project timestamp="1690581571438" name="All files">
    <metrics statements="36" coveredstatements="30" conditionals="4" coveredconditionals="4" methods="3" coveredmethods="3" elements="43" coveredelements="37" complexity="0" loc="36" ncloc="36" packages="1" files="1" classes="1"/>
    <file name="AuthController.ts" path="C:\Users\guil5\OneDrive\Desktop\GOIT\FullStackAfiliados\src\controllers\AuthController.ts">
      <metrics statements="36" coveredstatements="30" conditionals="4" coveredconditionals="4" methods="3" coveredmethods="3"/>
      <line num="1" count="1" type="stmt"/>
      <line num="3" count="1" type="stmt"/>
      <line num="4" count="1" type="stmt"/>
      <line num="8" count="1" type="stmt"/>
      <line num="9" count="1" type="stmt"/>
      <line num="14" count="2" type="stmt"/>
      <line num="15" count="2" type="stmt"/>
      <line num="17" count="2" type="stmt"/>
      <line num="18" count="2" type="cond" truecount="1" falsecount="0"/>
      <line num="19" count="1" type="stmt"/>
      <line num="22" count="1" type="stmt"/>
      <line num="24" count="1" type="stmt"/>
      <line num="32" count="1" type="stmt"/>
      <line num="34" count="0" type="stmt"/>
      <line num="35" count="0" type="stmt"/>
      <line num="40" count="3" type="stmt"/>
      <line num="41" count="3" type="stmt"/>
      <line num="43" count="3" type="stmt"/>
      <line num="44" count="3" type="cond" truecount="1" falsecount="0"/>
      <line num="45" count="1" type="stmt"/>
      <line num="48" count="2" type="stmt"/>
      <line num="49" count="2" type="cond" truecount="1" falsecount="0"/>
      <line num="50" count="1" type="stmt"/>
      <line num="53" count="1" type="stmt"/>
      <line num="55" count="1" type="stmt"/>
      <line num="57" count="0" type="stmt"/>
      <line num="58" count="0" type="stmt"/>
      <line num="63" count="2" type="stmt"/>
      <line num="64" count="2" type="stmt"/>
      <line num="66" count="2" type="stmt"/>
      <line num="68" count="2" type="cond" truecount="1" falsecount="0"/>
      <line num="69" count="1" type="stmt"/>
      <line num="72" count="1" type="stmt"/>
      <line num="74" count="0" type="stmt"/>
      <line num="75" count="0" type="stmt"/>
      <line num="81" count="1" type="stmt"/>
    </file>
  </project>
</coverage>
