{"C:\\Users\\guil5\\OneDrive\\Desktop\\GOIT\\FullStackAfiliados\\src\\controllers\\AuthController.ts": {"path":"C:\\Users\\guil5\\OneDrive\\Desktop\\GOIT\\FullStackAfiliados\\src\\controllers\\AuthController.ts","statementMap":{"0":{"start":{"line":1,"column":0},"end":{"line":1,"column":42}},"1":{"start":{"line":3,"column":0},"end":{"line":3,"column":27}},"2":{"start":{"line":4,"column":0},"end":{"line":4,"column":30}},"3":{"start":{"line":8,"column":19},"end":{"line":8,"column":21}},"4":{"start":{"line":9,"column":18},"end":{"line":9,"column":35}},"5":{"start":{"line":14,"column":8},"end":{"line":36,"column":null}},"6":{"start":{"line":15,"column":45},"end":{"line":15,"column":53}},"7":{"start":{"line":17,"column":35},"end":{"line":17,"column":92}},"8":{"start":{"line":18,"column":12},"end":{"line":20,"column":null}},"9":{"start":{"line":19,"column":16},"end":{"line":19,"column":91}},"10":{"start":{"line":22,"column":35},"end":{"line":22,"column":74}},"11":{"start":{"line":24,"column":30},"end":{"line":30,"column":14}},"12":{"start":{"line":32,"column":12},"end":{"line":32,"column":104}},"13":{"start":{"line":34,"column":12},"end":{"line":34,"column":68}},"14":{"start":{"line":35,"column":12},"end":{"line":35,"column":71}},"15":{"start":{"line":40,"column":8},"end":{"line":59,"column":null}},"16":{"start":{"line":41,"column":39},"end":{"line":41,"column":47}},"17":{"start":{"line":43,"column":27},"end":{"line":43,"column":84}},"18":{"start":{"line":44,"column":12},"end":{"line":46,"column":null}},"19":{"start":{"line":45,"column":16},"end":{"line":45,"column":106}},"20":{"start":{"line":48,"column":36},"end":{"line":48,"column":83}},"21":{"start":{"line":49,"column":12},"end":{"line":51,"column":null}},"22":{"start":{"line":50,"column":16},"end":{"line":50,"column":103}},"23":{"start":{"line":53,"column":26},"end":{"line":53,"column":91}},"24":{"start":{"line":55,"column":12},"end":{"line":55,"column":82}},"25":{"start":{"line":57,"column":12},"end":{"line":57,"column":71}},"26":{"start":{"line":58,"column":12},"end":{"line":58,"column":71}},"27":{"start":{"line":63,"column":8},"end":{"line":76,"column":null}},"28":{"start":{"line":64,"column":29},"end":{"line":64,"column":41}},"29":{"start":{"line":66,"column":27},"end":{"line":66,"column":86}},"30":{"start":{"line":68,"column":12},"end":{"line":70,"column":null}},"31":{"start":{"line":69,"column":16},"end":{"line":69,"column":77}},"32":{"start":{"line":72,"column":12},"end":{"line":72,"column":88}},"33":{"start":{"line":74,"column":12},"end":{"line":74,"column":75}},"34":{"start":{"line":75,"column":12},"end":{"line":75,"column":71}},"35":{"start":{"line":81,"column":0},"end":{"line":81,"column":36}}},"fnMap":{"0":{"name":"(anonymous_8)","decl":{"start":{"line":13,"column":10},"end":{"line":13,"column":18}},"loc":{"start":{"line":13,"column":46},"end":{"line":37,"column":null}}},"1":{"name":"(anonymous_10)","decl":{"start":{"line":39,"column":10},"end":{"line":39,"column":15}},"loc":{"start":{"line":39,"column":43},"end":{"line":60,"column":null}}},"2":{"name":"(anonymous_12)","decl":{"start":{"line":62,"column":10},"end":{"line":62,"column":24}},"loc":{"start":{"line":62,"column":58},"end":{"line":77,"column":null}}}},"branchMap":{"0":{"loc":{"start":{"line":18,"column":12},"end":{"line":20,"column":null}},"type":"if","locations":[{"start":{"line":18,"column":12},"end":{"line":20,"column":null}}]},"1":{"loc":{"start":{"line":44,"column":12},"end":{"line":46,"column":null}},"type":"if","locations":[{"start":{"line":44,"column":12},"end":{"line":46,"column":null}}]},"2":{"loc":{"start":{"line":49,"column":12},"end":{"line":51,"column":null}},"type":"if","locations":[{"start":{"line":49,"column":12},"end":{"line":51,"column":null}}]},"3":{"loc":{"start":{"line":68,"column":12},"end":{"line":70,"column":null}},"type":"if","locations":[{"start":{"line":68,"column":12},"end":{"line":70,"column":null}}]}},"s":{"0":1,"1":1,"2":1,"3":1,"4":1,"5":2,"6":2,"7":2,"8":2,"9":1,"10":1,"11":1,"12":1,"13":0,"14":0,"15":3,"16":3,"17":3,"18":3,"19":1,"20":2,"21":2,"22":1,"23":1,"24":1,"25":0,"26":0,"27":2,"28":2,"29":2,"30":2,"31":1,"32":1,"33":0,"34":0,"35":1},"f":{"0":2,"1":3,"2":2},"b":{"0":[1],"1":[1],"2":[1],"3":[1]}}
}
