{"C:\\Users\\guil5\\OneDrive\\Desktop\\GOIT\\Coodesh\\backend\\src\\app.ts": {"path":"C:\\Users\\guil5\\OneDrive\\Desktop\\GOIT\\Coodesh\\backend\\src\\app.ts","statementMap":{"0":{"start":{"line":1,"column":0},"end":{"line":1,"column":47}},"1":{"start":{"line":2,"column":0},"end":{"line":2,"column":37}},"2":{"start":{"line":3,"column":0},"end":{"line":3,"column":46}},"3":{"start":{"line":4,"column":0},"end":{"line":4,"column":37}},"4":{"start":{"line":5,"column":0},"end":{"line":5,"column":72}},"5":{"start":{"line":7,"column":0},"end":{"line":7,"column":45}},"6":{"start":{"line":14,"column":12},"end":{"line":14,"column":46}},"7":{"start":{"line":42,"column":11},"end":{"line":50,"column":null}},"8":{"start":{"line":43,"column":8},"end":{"line":45,"column":11}},"9":{"start":{"line":44,"column":12},"end":{"line":44,"column":61}},"10":{"start":{"line":47,"column":8},"end":{"line":49,"column":11}},"11":{"start":{"line":48,"column":12},"end":{"line":48,"column":61}},"12":{"start":{"line":52,"column":11},"end":{"line":63,"column":null}},"13":{"start":{"line":52,"column":29},"end":{"line":63,"column":null}},"14":{"start":{"line":53,"column":8},"end":{"line":60,"column":null}},"15":{"start":{"line":54,"column":12},"end":{"line":59,"column":15}},"16":{"start":{"line":55,"column":16},"end":{"line":58,"column":19}},"17":{"start":{"line":56,"column":20},"end":{"line":57,"column":35}},"18":{"start":{"line":56,"column":29},"end":{"line":56,"column":41}},"19":{"start":{"line":57,"column":25},"end":{"line":57,"column":35}},"20":{"start":{"line":62,"column":8},"end":{"line":62,"column":40}},"21":{"start":{"line":17,"column":8},"end":{"line":17,"column":29}},"22":{"start":{"line":18,"column":8},"end":{"line":18,"column":41}},"23":{"start":{"line":19,"column":8},"end":{"line":19,"column":22}},"24":{"start":{"line":20,"column":8},"end":{"line":20,"column":28}},"25":{"start":{"line":22,"column":8},"end":{"line":28,"column":13}},"26":{"start":{"line":22,"column":20},"end":{"line":28,"column":10}},"27":{"start":{"line":23,"column":12},"end":{"line":27,"column":null}},"28":{"start":{"line":24,"column":16},"end":{"line":24,"column":67}},"29":{"start":{"line":26,"column":16},"end":{"line":26,"column":71}},"30":{"start":{"line":32,"column":8},"end":{"line":32,"column":64}},"31":{"start":{"line":33,"column":8},"end":{"line":33,"column":56}},"32":{"start":{"line":35,"column":8},"end":{"line":35,"column":37}},"33":{"start":{"line":39,"column":8},"end":{"line":39,"column":37}},"34":{"start":{"line":66,"column":15},"end":{"line":66,"column":27}},"35":{"start":{"line":67,"column":13},"end":{"line":67,"column":17}},"36":{"start":{"line":68,"column":0},"end":{"line":68,"column":19}},"37":{"start":{"line":70,"column":13},"end":{"line":70,"column":43}},"38":{"start":{"line":71,"column":13},"end":{"line":71,"column":38}}},"fnMap":{"0":{"name":"(anonymous_8)","decl":{"start":{"line":16,"column":4},"end":{"line":16,"column":null}},"loc":{"start":{"line":16,"column":4},"end":{"line":29,"column":5}}},"1":{"name":"(anonymous_9)","decl":{"start":{"line":42,"column":19},"end":{"line":42,"column":20}},"loc":{"start":{"line":42,"column":36},"end":{"line":50,"column":5}}},"2":{"name":"(anonymous_10)","decl":{"start":{"line":43,"column":44},"end":{"line":43,"column":47}},"loc":{"start":{"line":43,"column":49},"end":{"line":45,"column":9}}},"3":{"name":"(anonymous_11)","decl":{"start":{"line":47,"column":32},"end":{"line":47,"column":33}},"loc":{"start":{"line":47,"column":47},"end":{"line":49,"column":9}}},"4":{"name":"(anonymous_12)","decl":{"start":{"line":52,"column":18},"end":{"line":52,"column":27}},"loc":{"start":{"line":52,"column":29},"end":{"line":63,"column":null}}},"5":{"name":"(anonymous_13)","decl":{"start":{"line":52,"column":29},"end":{"line":52,"column":null}},"loc":{"start":{"line":52,"column":29},"end":{"line":63,"column":5}}},"6":{"name":"(anonymous_14)","decl":{"start":{"line":54,"column":36},"end":{"line":54,"column":37}},"loc":{"start":{"line":54,"column":56},"end":{"line":59,"column":13}}},"7":{"name":"(anonymous_15)","decl":{"start":{"line":55,"column":35},"end":{"line":55,"column":36}},"loc":{"start":{"line":55,"column":43},"end":{"line":58,"column":17}}},"8":{"name":"(anonymous_16)","decl":{"start":{"line":22,"column":9},"end":{"line":22,"column":18}},"loc":{"start":{"line":22,"column":20},"end":{"line":28,"column":10}}},"9":{"name":"(anonymous_17)","decl":{"start":{"line":22,"column":20},"end":{"line":22,"column":null}},"loc":{"start":{"line":22,"column":20},"end":{"line":28,"column":9}}},"10":{"name":"(anonymous_18)","decl":{"start":{"line":31,"column":12},"end":{"line":31,"column":18}},"loc":{"start":{"line":31,"column":18},"end":{"line":36,"column":5}}},"11":{"name":"(anonymous_19)","decl":{"start":{"line":38,"column":12},"end":{"line":38,"column":24}},"loc":{"start":{"line":38,"column":24},"end":{"line":40,"column":5}}}},"branchMap":{"0":{"loc":{"start":{"line":53,"column":8},"end":{"line":60,"column":null}},"type":"if","locations":[{"start":{"line":53,"column":8},"end":{"line":60,"column":null}}]},"1":{"loc":{"start":{"line":55,"column":16},"end":{"line":58,"column":18}},"type":"cond-expr","locations":[{"start":{"line":55,"column":27},"end":{"line":55,"column":29}},{"start":{"line":55,"column":27},"end":{"line":58,"column":18}}]},"2":{"loc":{"start":{"line":55,"column":16},"end":{"line":55,"column":29}},"type":"binary-expr","locations":[{"start":{"line":55,"column":16},"end":{"line":55,"column":29}},{"start":{"line":55,"column":27},"end":{"line":55,"column":29}}]},"3":{"loc":{"start":{"line":56,"column":20},"end":{"line":57,"column":35}},"type":"if","locations":[{"start":{"line":56,"column":20},"end":{"line":57,"column":35}},{"start":{"line":57,"column":25},"end":{"line":57,"column":35}}]}},"s":{"0":0,"1":0,"2":0,"3":0,"4":0,"5":0,"6":0,"7":0,"8":0,"9":0,"10":0,"11":0,"12":0,"13":0,"14":0,"15":0,"16":0,"17":0,"18":0,"19":0,"20":0,"21":0,"22":0,"23":0,"24":0,"25":0,"26":0,"27":0,"28":0,"29":0,"30":0,"31":0,"32":0,"33":0,"34":0,"35":0,"36":0,"37":0,"38":0},"f":{"0":0,"1":0,"2":0,"3":0,"4":0,"5":0,"6":0,"7":0,"8":0,"9":0,"10":0,"11":0},"b":{"0":[0],"1":[0,0],"2":[0,0],"3":[0,0]}}
,"C:\\Users\\guil5\\OneDrive\\Desktop\\GOIT\\Coodesh\\backend\\src\\client\\prisma.ts": {"path":"C:\\Users\\guil5\\OneDrive\\Desktop\\GOIT\\Coodesh\\backend\\src\\client\\prisma.ts","statementMap":{"0":{"start":{"line":1,"column":0},"end":{"line":1,"column":45}},"1":{"start":{"line":3,"column":15},"end":{"line":3,"column":33}},"2":{"start":{"line":7,"column":9},"end":{"line":7,"column":15}},"3":{"start":{"line":5,"column":0},"end":{"line":5,"column":18}}},"fnMap":{},"branchMap":{},"s":{"0":1,"1":1,"2":1,"3":1},"f":{},"b":{}}
,"C:\\Users\\guil5\\OneDrive\\Desktop\\GOIT\\Coodesh\\backend\\src\\controllers\\AuthController.ts": {"path":"C:\\Users\\guil5\\OneDrive\\Desktop\\GOIT\\Coodesh\\backend\\src\\controllers\\AuthController.ts","statementMap":{"0":{"start":{"line":1,"column":0},"end":{"line":1,"column":42}},"1":{"start":{"line":3,"column":0},"end":{"line":3,"column":27}},"2":{"start":{"line":4,"column":0},"end":{"line":4,"column":30}},"3":{"start":{"line":8,"column":19},"end":{"line":8,"column":21}},"4":{"start":{"line":9,"column":18},"end":{"line":9,"column":64}},"5":{"start":{"line":14,"column":8},"end":{"line":36,"column":null}},"6":{"start":{"line":15,"column":45},"end":{"line":15,"column":53}},"7":{"start":{"line":17,"column":35},"end":{"line":17,"column":92}},"8":{"start":{"line":18,"column":12},"end":{"line":20,"column":null}},"9":{"start":{"line":19,"column":16},"end":{"line":19,"column":91}},"10":{"start":{"line":22,"column":35},"end":{"line":22,"column":74}},"11":{"start":{"line":24,"column":30},"end":{"line":30,"column":14}},"12":{"start":{"line":32,"column":12},"end":{"line":32,"column":104}},"13":{"start":{"line":34,"column":12},"end":{"line":34,"column":68}},"14":{"start":{"line":35,"column":12},"end":{"line":35,"column":71}},"15":{"start":{"line":40,"column":8},"end":{"line":59,"column":null}},"16":{"start":{"line":41,"column":39},"end":{"line":41,"column":47}},"17":{"start":{"line":43,"column":27},"end":{"line":43,"column":84}},"18":{"start":{"line":44,"column":12},"end":{"line":46,"column":null}},"19":{"start":{"line":45,"column":16},"end":{"line":45,"column":106}},"20":{"start":{"line":48,"column":36},"end":{"line":48,"column":83}},"21":{"start":{"line":49,"column":12},"end":{"line":51,"column":null}},"22":{"start":{"line":50,"column":16},"end":{"line":50,"column":103}},"23":{"start":{"line":53,"column":26},"end":{"line":53,"column":91}},"24":{"start":{"line":55,"column":12},"end":{"line":55,"column":82}},"25":{"start":{"line":57,"column":12},"end":{"line":57,"column":71}},"26":{"start":{"line":58,"column":12},"end":{"line":58,"column":71}},"27":{"start":{"line":63,"column":8},"end":{"line":76,"column":null}},"28":{"start":{"line":64,"column":29},"end":{"line":64,"column":41}},"29":{"start":{"line":66,"column":27},"end":{"line":66,"column":86}},"30":{"start":{"line":68,"column":12},"end":{"line":70,"column":null}},"31":{"start":{"line":69,"column":16},"end":{"line":69,"column":77}},"32":{"start":{"line":72,"column":12},"end":{"line":72,"column":88}},"33":{"start":{"line":74,"column":12},"end":{"line":74,"column":75}},"34":{"start":{"line":75,"column":12},"end":{"line":75,"column":71}},"35":{"start":{"line":81,"column":0},"end":{"line":81,"column":36}}},"fnMap":{"0":{"name":"(anonymous_8)","decl":{"start":{"line":13,"column":10},"end":{"line":13,"column":18}},"loc":{"start":{"line":13,"column":46},"end":{"line":37,"column":null}}},"1":{"name":"(anonymous_10)","decl":{"start":{"line":39,"column":10},"end":{"line":39,"column":15}},"loc":{"start":{"line":39,"column":43},"end":{"line":60,"column":null}}},"2":{"name":"(anonymous_12)","decl":{"start":{"line":62,"column":10},"end":{"line":62,"column":24}},"loc":{"start":{"line":62,"column":58},"end":{"line":77,"column":null}}}},"branchMap":{"0":{"loc":{"start":{"line":18,"column":12},"end":{"line":20,"column":null}},"type":"if","locations":[{"start":{"line":18,"column":12},"end":{"line":20,"column":null}}]},"1":{"loc":{"start":{"line":44,"column":12},"end":{"line":46,"column":null}},"type":"if","locations":[{"start":{"line":44,"column":12},"end":{"line":46,"column":null}}]},"2":{"loc":{"start":{"line":49,"column":12},"end":{"line":51,"column":null}},"type":"if","locations":[{"start":{"line":49,"column":12},"end":{"line":51,"column":null}}]},"3":{"loc":{"start":{"line":68,"column":12},"end":{"line":70,"column":null}},"type":"if","locations":[{"start":{"line":68,"column":12},"end":{"line":70,"column":null}}]}},"s":{"0":1,"1":1,"2":1,"3":1,"4":1,"5":2,"6":2,"7":2,"8":2,"9":1,"10":1,"11":1,"12":1,"13":0,"14":0,"15":3,"16":3,"17":3,"18":3,"19":1,"20":2,"21":2,"22":1,"23":1,"24":1,"25":0,"26":0,"27":2,"28":2,"29":2,"30":2,"31":1,"32":1,"33":0,"34":0,"35":1},"f":{"0":2,"1":3,"2":2},"b":{"0":[1],"1":[1],"2":[1],"3":[1]}}
,"C:\\Users\\guil5\\OneDrive\\Desktop\\GOIT\\Coodesh\\backend\\src\\controllers\\TransactionController.ts": {"path":"C:\\Users\\guil5\\OneDrive\\Desktop\\GOIT\\Coodesh\\backend\\src\\controllers\\TransactionController.ts","statementMap":{"0":{"start":{"line":1,"column":0},"end":{"line":1,"column":20}},"1":{"start":{"line":2,"column":0},"end":{"line":2,"column":28}},"2":{"start":{"line":3,"column":0},"end":{"line":3,"column":27}},"3":{"start":{"line":4,"column":0},"end":{"line":4,"column":42}},"4":{"start":{"line":5,"column":0},"end":{"line":5,"column":70}},"5":{"start":{"line":6,"column":0},"end":{"line":6,"column":60}},"6":{"start":{"line":7,"column":0},"end":{"line":7,"column":43}},"7":{"start":{"line":13,"column":8},"end":{"line":25,"column":null}},"8":{"start":{"line":14,"column":27},"end":{"line":14,"column":37}},"9":{"start":{"line":15,"column":32},"end":{"line":15,"column":98}},"10":{"start":{"line":17,"column":12},"end":{"line":21,"column":null}},"11":{"start":{"line":18,"column":16},"end":{"line":18,"column":82}},"12":{"start":{"line":20,"column":16},"end":{"line":20,"column":91}},"13":{"start":{"line":23,"column":12},"end":{"line":23,"column":76}},"14":{"start":{"line":24,"column":12},"end":{"line":24,"column":87}},"15":{"start":{"line":29,"column":8},"end":{"line":38,"column":null}},"16":{"start":{"line":30,"column":33},"end":{"line":32,"column":14}},"17":{"start":{"line":34,"column":12},"end":{"line":34,"column":79}},"18":{"start":{"line":36,"column":12},"end":{"line":36,"column":75}},"19":{"start":{"line":37,"column":12},"end":{"line":37,"column":87}},"20":{"start":{"line":42,"column":32},"end":{"line":42,"column":68}},"21":{"start":{"line":43,"column":37},"end":{"line":47,"column":11}},"22":{"start":{"line":43,"column":68},"end":{"line":47,"column":10}},"23":{"start":{"line":49,"column":8},"end":{"line":70,"column":null}},"24":{"start":{"line":50,"column":34},"end":{"line":52,"column":14}},"25":{"start":{"line":51,"column":65},"end":{"line":51,"column":72}},"26":{"start":{"line":54,"column":33},"end":{"line":55,"column":null}},"27":{"start":{"line":55,"column":26},"end":{"line":55,"column":92}},"28":{"start":{"line":55,"column":64},"end":{"line":55,"column":91}},"29":{"start":{"line":58,"column":12},"end":{"line":67,"column":null}},"30":{"start":{"line":59,"column":16},"end":{"line":63,"column":19}},"31":{"start":{"line":61,"column":24},"end":{"line":61,"column":86}},"32":{"start":{"line":61,"column":59},"end":{"line":61,"column":85}},"33":{"start":{"line":64,"column":16},"end":{"line":64,"column":70}},"34":{"start":{"line":66,"column":16},"end":{"line":66,"column":65}},"35":{"start":{"line":69,"column":12},"end":{"line":69,"column":69}},"36":{"start":{"line":74,"column":8},"end":{"line":169,"column":null}},"37":{"start":{"line":75,"column":27},"end":{"line":77,"column":34}},"38":{"start":{"line":79,"column":12},"end":{"line":165,"column":15}},"39":{"start":{"line":80,"column":16},"end":{"line":83,"column":null}},"40":{"start":{"line":81,"column":20},"end":{"line":81,"column":76}},"41":{"start":{"line":82,"column":20},"end":{"line":82,"column":105}},"42":{"start":{"line":85,"column":16},"end":{"line":87,"column":null}},"43":{"start":{"line":86,"column":20},"end":{"line":86,"column":97}},"44":{"start":{"line":89,"column":33},"end":{"line":89,"column":41}},"45":{"start":{"line":91,"column":16},"end":{"line":164,"column":null}},"46":{"start":{"line":92,"column":35},"end":{"line":92,"column":68}},"47":{"start":{"line":93,"column":39},"end":{"line":93,"column":73}},"48":{"start":{"line":94,"column":63},"end":{"line":94,"column":65}},"49":{"start":{"line":95,"column":35},"end":{"line":95,"column":37}},"50":{"start":{"line":97,"column":20},"end":{"line":114,"column":null}},"51":{"start":{"line":97,"column":45},"end":{"line":97,"column":55}},"52":{"start":{"line":97,"column":45},"end":{"line":97,"column":57}},"53":{"start":{"line":97,"column":41},"end":{"line":97,"column":45}},"54":{"start":{"line":98,"column":24},"end":{"line":98,"column":51}},"55":{"start":{"line":98,"column":42},"end":{"line":98,"column":51}},"56":{"start":{"line":100,"column":39},"end":{"line":100,"column":59}},"57":{"start":{"line":101,"column":37},"end":{"line":101,"column":58}},"58":{"start":{"line":102,"column":40},"end":{"line":102,"column":62}},"59":{"start":{"line":103,"column":38},"end":{"line":103,"column":79}},"60":{"start":{"line":104,"column":39},"end":{"line":104,"column":61}},"61":{"start":{"line":106,"column":49},"end":{"line":106,"column":98}},"62":{"start":{"line":108,"column":24},"end":{"line":113,"column":null}},"63":{"start":{"line":109,"column":46},"end":{"line":109,"column":80}},"64":{"start":{"line":110,"column":28},"end":{"line":110,"column":51}},"65":{"start":{"line":112,"column":28},"end":{"line":112,"column":89}},"66":{"start":{"line":116,"column":20},"end":{"line":119,"column":null}},"67":{"start":{"line":117,"column":24},"end":{"line":117,"column":44}},"68":{"start":{"line":118,"column":24},"end":{"line":118,"column":80}},"69":{"start":{"line":121,"column":20},"end":{"line":156,"column":23}},"70":{"start":{"line":121,"column":59},"end":{"line":156,"column":22}},"71":{"start":{"line":122,"column":24},"end":{"line":155,"column":null}},"72":{"start":{"line":123,"column":77},"end":{"line":123,"column":81}},"73":{"start":{"line":125,"column":48},"end":{"line":125,"column":105}},"74":{"start":{"line":126,"column":28},"end":{"line":135,"column":null}},"75":{"start":{"line":127,"column":32},"end":{"line":129,"column":35}},"76":{"start":{"line":131,"column":32},"end":{"line":134,"column":35}},"77":{"start":{"line":137,"column":47},"end":{"line":137,"column":102}},"78":{"start":{"line":138,"column":28},"end":{"line":144,"column":null}},"79":{"start":{"line":139,"column":55},"end":{"line":139,"column":88}},"80":{"start":{"line":141,"column":32},"end":{"line":143,"column":35}},"81":{"start":{"line":146,"column":28},"end":{"line":154,"column":31}},"82":{"start":{"line":158,"column":20},"end":{"line":158,"column":40}},"83":{"start":{"line":160,"column":20},"end":{"line":160,"column":119}},"84":{"start":{"line":162,"column":20},"end":{"line":162,"column":79}},"85":{"start":{"line":163,"column":20},"end":{"line":163,"column":102}},"86":{"start":{"line":167,"column":12},"end":{"line":167,"column":70}},"87":{"start":{"line":168,"column":12},"end":{"line":168,"column":87}},"88":{"start":{"line":176,"column":8},"end":{"line":202,"column":null}},"89":{"start":{"line":177,"column":31},"end":{"line":177,"column":52}},"90":{"start":{"line":179,"column":27},"end":{"line":179,"column":90}},"91":{"start":{"line":181,"column":12},"end":{"line":183,"column":null}},"92":{"start":{"line":182,"column":16},"end":{"line":182,"column":93}},"93":{"start":{"line":185,"column":33},"end":{"line":192,"column":14}},"94":{"start":{"line":194,"column":12},"end":{"line":196,"column":null}},"95":{"start":{"line":195,"column":16},"end":{"line":195,"column":113}},"96":{"start":{"line":198,"column":12},"end":{"line":198,"column":79}},"97":{"start":{"line":200,"column":12},"end":{"line":200,"column":81}},"98":{"start":{"line":201,"column":12},"end":{"line":201,"column":87}},"99":{"start":{"line":208,"column":0},"end":{"line":208,"column":43}}},"fnMap":{"0":{"name":"(anonymous_15)","decl":{"start":{"line":12,"column":10},"end":{"line":12,"column":28}},"loc":{"start":{"line":12,"column":56},"end":{"line":26,"column":null}}},"1":{"name":"(anonymous_17)","decl":{"start":{"line":28,"column":10},"end":{"line":28,"column":28}},"loc":{"start":{"line":28,"column":56},"end":{"line":39,"column":null}}},"2":{"name":"(anonymous_19)","decl":{"start":{"line":41,"column":10},"end":{"line":41,"column":30}},"loc":{"start":{"line":41,"column":30},"end":{"line":71,"column":null}}},"3":{"name":"(anonymous_21)","decl":{"start":{"line":43,"column":57},"end":{"line":43,"column":58}},"loc":{"start":{"line":43,"column":68},"end":{"line":47,"column":10}}},"4":{"name":"(anonymous_22)","decl":{"start":{"line":51,"column":55},"end":{"line":51,"column":56}},"loc":{"start":{"line":51,"column":65},"end":{"line":51,"column":72}}},"5":{"name":"(anonymous_23)","decl":{"start":{"line":55,"column":16},"end":{"line":55,"column":17}},"loc":{"start":{"line":55,"column":26},"end":{"line":55,"column":92}}},"6":{"name":"(anonymous_24)","decl":{"start":{"line":55,"column":46},"end":{"line":55,"column":47}},"loc":{"start":{"line":55,"column":64},"end":{"line":55,"column":91}}},"7":{"name":"(anonymous_25)","decl":{"start":{"line":60,"column":54},"end":{"line":60,"column":55}},"loc":{"start":{"line":61,"column":24},"end":{"line":61,"column":86}}},"8":{"name":"(anonymous_26)","decl":{"start":{"line":61,"column":42},"end":{"line":61,"column":43}},"loc":{"start":{"line":61,"column":59},"end":{"line":61,"column":85}}},"9":{"name":"(anonymous_27)","decl":{"start":{"line":73,"column":10},"end":{"line":73,"column":25}},"loc":{"start":{"line":73,"column":53},"end":{"line":173,"column":null}}},"10":{"name":"(anonymous_29)","decl":{"start":{"line":79,"column":29},"end":{"line":79,"column":45}},"loc":{"start":{"line":79,"column":48},"end":{"line":165,"column":14}}},"11":{"name":"(anonymous_31)","decl":{"start":{"line":121,"column":46},"end":{"line":121,"column":53}},"loc":{"start":{"line":121,"column":59},"end":{"line":156,"column":22}}},"12":{"name":"(anonymous_32)","decl":{"start":{"line":121,"column":59},"end":{"line":121,"column":null}},"loc":{"start":{"line":121,"column":59},"end":{"line":156,"column":21}}},"13":{"name":"(anonymous_33)","decl":{"start":{"line":175,"column":10},"end":{"line":175,"column":33}},"loc":{"start":{"line":175,"column":61},"end":{"line":203,"column":null}}}},"branchMap":{"0":{"loc":{"start":{"line":17,"column":12},"end":{"line":21,"column":null}},"type":"if","locations":[{"start":{"line":17,"column":12},"end":{"line":21,"column":null}},{"start":{"line":19,"column":19},"end":{"line":21,"column":null}}]},"1":{"loc":{"start":{"line":58,"column":12},"end":{"line":67,"column":null}},"type":"if","locations":[{"start":{"line":58,"column":12},"end":{"line":67,"column":null}},{"start":{"line":65,"column":19},"end":{"line":67,"column":null}}]},"2":{"loc":{"start":{"line":80,"column":16},"end":{"line":83,"column":null}},"type":"if","locations":[{"start":{"line":80,"column":16},"end":{"line":83,"column":null}}]},"3":{"loc":{"start":{"line":85,"column":16},"end":{"line":87,"column":null}},"type":"if","locations":[{"start":{"line":85,"column":16},"end":{"line":87,"column":null}}]},"4":{"loc":{"start":{"line":98,"column":24},"end":{"line":98,"column":51}},"type":"if","locations":[{"start":{"line":98,"column":24},"end":{"line":98,"column":51}}]},"5":{"loc":{"start":{"line":108,"column":24},"end":{"line":113,"column":null}},"type":"if","locations":[{"start":{"line":108,"column":24},"end":{"line":113,"column":null}},{"start":{"line":111,"column":31},"end":{"line":113,"column":null}}]},"6":{"loc":{"start":{"line":116,"column":20},"end":{"line":119,"column":null}},"type":"if","locations":[{"start":{"line":116,"column":20},"end":{"line":119,"column":null}}]},"7":{"loc":{"start":{"line":126,"column":28},"end":{"line":135,"column":null}},"type":"if","locations":[{"start":{"line":126,"column":28},"end":{"line":135,"column":null}},{"start":{"line":130,"column":35},"end":{"line":135,"column":null}}]},"8":{"loc":{"start":{"line":138,"column":28},"end":{"line":144,"column":null}},"type":"if","locations":[{"start":{"line":138,"column":28},"end":{"line":144,"column":null}}]},"9":{"loc":{"start":{"line":181,"column":12},"end":{"line":183,"column":null}},"type":"if","locations":[{"start":{"line":181,"column":12},"end":{"line":183,"column":null}}]},"10":{"loc":{"start":{"line":194,"column":12},"end":{"line":196,"column":null}},"type":"if","locations":[{"start":{"line":194,"column":12},"end":{"line":196,"column":null}}]}},"s":{"0":0,"1":0,"2":0,"3":0,"4":0,"5":0,"6":0,"7":0,"8":0,"9":0,"10":0,"11":0,"12":0,"13":0,"14":0,"15":0,"16":0,"17":0,"18":0,"19":0,"20":0,"21":0,"22":0,"23":0,"24":0,"25":0,"26":0,"27":0,"28":0,"29":0,"30":0,"31":0,"32":0,"33":0,"34":0,"35":0,"36":0,"37":0,"38":0,"39":0,"40":0,"41":0,"42":0,"43":0,"44":0,"45":0,"46":0,"47":0,"48":0,"49":0,"50":0,"51":0,"52":0,"53":0,"54":0,"55":0,"56":0,"57":0,"58":0,"59":0,"60":0,"61":0,"62":0,"63":0,"64":0,"65":0,"66":0,"67":0,"68":0,"69":0,"70":0,"71":0,"72":0,"73":0,"74":0,"75":0,"76":0,"77":0,"78":0,"79":0,"80":0,"81":0,"82":0,"83":0,"84":0,"85":0,"86":0,"87":0,"88":0,"89":0,"90":0,"91":0,"92":0,"93":0,"94":0,"95":0,"96":0,"97":0,"98":0,"99":0},"f":{"0":0,"1":0,"2":0,"3":0,"4":0,"5":0,"6":0,"7":0,"8":0,"9":0,"10":0,"11":0,"12":0,"13":0},"b":{"0":[0,0],"1":[0,0],"2":[0],"3":[0],"4":[0],"5":[0,0],"6":[0],"7":[0,0],"8":[0],"9":[0],"10":[0]}}
,"C:\\Users\\guil5\\OneDrive\\Desktop\\GOIT\\Coodesh\\backend\\src\\enum\\EVendorType.ts": {"path":"C:\\Users\\guil5\\OneDrive\\Desktop\\GOIT\\Coodesh\\backend\\src\\enum\\EVendorType.ts","statementMap":{"0":{"start":{"line":1,"column":0},"end":{"line":1,"column":null}},"1":{"start":{"line":2,"column":4},"end":{"line":2,"column":null}},"2":{"start":{"line":3,"column":4},"end":{"line":3,"column":null}},"3":{"start":{"line":4,"column":4},"end":{"line":4,"column":null}}},"fnMap":{"0":{"name":"(anonymous_0)","decl":{"start":{"line":1,"column":0},"end":{"line":1,"column":12}},"loc":{"start":{"line":1,"column":22},"end":{"line":5,"column":1}}}},"branchMap":{"0":{"loc":{"start":{"line":1,"column":12},"end":{"line":1,"column":null}},"type":"binary-expr","locations":[{"start":{"line":1,"column":12},"end":{"line":1,"column":22}},{"start":{"line":1,"column":22},"end":{"line":1,"column":null}}]}},"s":{"0":2,"1":2,"2":2,"3":2},"f":{"0":2},"b":{"0":[2,2]}}
,"C:\\Users\\guil5\\OneDrive\\Desktop\\GOIT\\Coodesh\\backend\\src\\models\\Product.ts": {"path":"C:\\Users\\guil5\\OneDrive\\Desktop\\GOIT\\Coodesh\\backend\\src\\models\\Product.ts","statementMap":{"0":{"start":{"line":17,"column":8},"end":{"line":17,"column":20}},"1":{"start":{"line":18,"column":8},"end":{"line":18,"column":null}},"2":{"start":{"line":19,"column":8},"end":{"line":19,"column":null}},"3":{"start":{"line":20,"column":8},"end":{"line":20,"column":null}},"4":{"start":{"line":21,"column":8},"end":{"line":21,"column":null}},"5":{"start":{"line":25,"column":9},"end":{"line":25,"column":16}}},"fnMap":{"0":{"name":"(anonymous_0)","decl":{"start":{"line":16,"column":4},"end":{"line":16,"column":16}},"loc":{"start":{"line":16,"column":35},"end":{"line":22,"column":5}}}},"branchMap":{},"s":{"0":2,"1":2,"2":2,"3":2,"4":2,"5":2},"f":{"0":2},"b":{}}
,"C:\\Users\\guil5\\OneDrive\\Desktop\\GOIT\\Coodesh\\backend\\src\\models\\Transaction.ts": {"path":"C:\\Users\\guil5\\OneDrive\\Desktop\\GOIT\\Coodesh\\backend\\src\\models\\Transaction.ts","statementMap":{"0":{"start":{"line":28,"column":8},"end":{"line":28,"column":20}},"1":{"start":{"line":29,"column":8},"end":{"line":29,"column":35}},"2":{"start":{"line":30,"column":8},"end":{"line":30,"column":33}},"3":{"start":{"line":31,"column":8},"end":{"line":31,"column":37}},"4":{"start":{"line":32,"column":8},"end":{"line":32,"column":41}},"5":{"start":{"line":33,"column":8},"end":{"line":33,"column":null}},"6":{"start":{"line":34,"column":8},"end":{"line":34,"column":null}},"7":{"start":{"line":35,"column":8},"end":{"line":35,"column":null}},"8":{"start":{"line":36,"column":8},"end":{"line":36,"column":null}},"9":{"start":{"line":41,"column":9},"end":{"line":41,"column":20}}},"fnMap":{"0":{"name":"(anonymous_0)","decl":{"start":{"line":27,"column":4},"end":{"line":27,"column":16}},"loc":{"start":{"line":27,"column":39},"end":{"line":37,"column":5}}}},"branchMap":{},"s":{"0":1,"1":1,"2":1,"3":1,"4":1,"5":1,"6":1,"7":1,"8":1,"9":1},"f":{"0":1},"b":{}}
,"C:\\Users\\guil5\\OneDrive\\Desktop\\GOIT\\Coodesh\\backend\\src\\models\\TransactionType.ts": {"path":"C:\\Users\\guil5\\OneDrive\\Desktop\\GOIT\\Coodesh\\backend\\src\\models\\TransactionType.ts","statementMap":{"0":{"start":{"line":7,"column":4},"end":{"line":7,"column":17}},"1":{"start":{"line":8,"column":4},"end":{"line":8,"column":35}},"2":{"start":{"line":9,"column":4},"end":{"line":9,"column":27}},"3":{"start":{"line":13,"column":4},"end":{"line":18,"column":6}},"4":{"start":{"line":22,"column":9},"end":{"line":22,"column":24}}},"fnMap":{"0":{"name":"(anonymous_0)","decl":{"start":{"line":6,"column":2},"end":{"line":6,"column":14}},"loc":{"start":{"line":6,"column":63},"end":{"line":10,"column":3}}},"1":{"name":"(anonymous_1)","decl":{"start":{"line":12,"column":2},"end":{"line":12,"column":8}},"loc":{"start":{"line":12,"column":27},"end":{"line":19,"column":3}}}},"branchMap":{},"s":{"0":6,"1":6,"2":6,"3":1,"4":2},"f":{"0":6,"1":1},"b":{}}
,"C:\\Users\\guil5\\OneDrive\\Desktop\\GOIT\\Coodesh\\backend\\src\\models\\Vendor.ts": {"path":"C:\\Users\\guil5\\OneDrive\\Desktop\\GOIT\\Coodesh\\backend\\src\\models\\Vendor.ts","statementMap":{"0":{"start":{"line":19,"column":8},"end":{"line":19,"column":20}},"1":{"start":{"line":20,"column":8},"end":{"line":20,"column":31}},"2":{"start":{"line":21,"column":8},"end":{"line":21,"column":39}},"3":{"start":{"line":22,"column":8},"end":{"line":22,"column":31}},"4":{"start":{"line":26,"column":9},"end":{"line":26,"column":15}}},"fnMap":{"0":{"name":"(anonymous_0)","decl":{"start":{"line":18,"column":4},"end":{"line":18,"column":23}},"loc":{"start":{"line":18,"column":41},"end":{"line":23,"column":5}}}},"branchMap":{},"s":{"0":2,"1":2,"2":2,"3":2,"4":2},"f":{"0":2},"b":{}}
,"C:\\Users\\guil5\\OneDrive\\Desktop\\GOIT\\Coodesh\\backend\\src\\routes\\router.ts": {"path":"C:\\Users\\guil5\\OneDrive\\Desktop\\GOIT\\Coodesh\\backend\\src\\routes\\router.ts","statementMap":{"0":{"start":{"line":1,"column":0},"end":{"line":1,"column":33}},"1":{"start":{"line":2,"column":0},"end":{"line":2,"column":73}},"2":{"start":{"line":3,"column":0},"end":{"line":3,"column":59}},"3":{"start":{"line":5,"column":15},"end":{"line":5,"column":23}},"4":{"start":{"line":151,"column":0},"end":{"line":151,"column":55}},"5":{"start":{"line":152,"column":0},"end":{"line":152,"column":49}},"6":{"start":{"line":155,"column":0},"end":{"line":155,"column":74}},"7":{"start":{"line":156,"column":0},"end":{"line":156,"column":70}},"8":{"start":{"line":157,"column":0},"end":{"line":157,"column":68}},"9":{"start":{"line":158,"column":0},"end":{"line":158,"column":95}},"10":{"start":{"line":160,"column":0},"end":{"line":160,"column":22}}},"fnMap":{},"branchMap":{},"s":{"0":0,"1":0,"2":0,"3":0,"4":0,"5":0,"6":0,"7":0,"8":0,"9":0,"10":0},"f":{},"b":{}}
,"C:\\Users\\guil5\\OneDrive\\Desktop\\GOIT\\Coodesh\\backend\\src\\swagger\\swagger.ts": {"path":"C:\\Users\\guil5\\OneDrive\\Desktop\\GOIT\\Coodesh\\backend\\src\\swagger\\swagger.ts","statementMap":{"0":{"start":{"line":2,"column":0},"end":{"line":2,"column":43}},"1":{"start":{"line":3,"column":0},"end":{"line":3,"column":41}},"2":{"start":{"line":6,"column":20},"end":{"line":21,"column":6}},"3":{"start":{"line":23,"column":18},"end":{"line":23,"column":39}},"4":{"start":{"line":24,"column":4},"end":{"line":24,"column":66}},"5":{"start":{"line":5,"column":0},"end":{"line":5,"column":24}}},"fnMap":{"0":{"name":"setupSwagger","decl":{"start":{"line":5,"column":24},"end":{"line":5,"column":36}},"loc":{"start":{"line":5,"column":67},"end":{"line":25,"column":1}}}},"branchMap":{},"s":{"0":0,"1":0,"2":0,"3":0,"4":0,"5":0},"f":{"0":0},"b":{}}
,"C:\\Users\\guil5\\OneDrive\\Desktop\\GOIT\\Coodesh\\backend\\src\\utils\\validations.ts": {"path":"C:\\Users\\guil5\\OneDrive\\Desktop\\GOIT\\Coodesh\\backend\\src\\utils\\validations.ts","statementMap":{"0":{"start":{"line":1,"column":0},"end":{"line":1,"column":40}},"1":{"start":{"line":5,"column":19},"end":{"line":5,"column":21}},"2":{"start":{"line":7,"column":4},"end":{"line":9,"column":null}},"3":{"start":{"line":8,"column":8},"end":{"line":8,"column":45}},"4":{"start":{"line":11,"column":4},"end":{"line":13,"column":null}},"5":{"start":{"line":12,"column":8},"end":{"line":12,"column":45}},"6":{"start":{"line":15,"column":4},"end":{"line":17,"column":null}},"7":{"start":{"line":16,"column":8},"end":{"line":16,"column":64}},"8":{"start":{"line":19,"column":24},"end":{"line":19,"column":37}},"9":{"start":{"line":20,"column":4},"end":{"line":22,"column":null}},"10":{"start":{"line":21,"column":8},"end":{"line":21,"column":47}},"11":{"start":{"line":24,"column":4},"end":{"line":26,"column":null}},"12":{"start":{"line":25,"column":8},"end":{"line":25,"column":55}},"13":{"start":{"line":28,"column":4},"end":{"line":28,"column":18}},"14":{"start":{"line":45,"column":4},"end":{"line":45,"column":15}},"15":{"start":{"line":33,"column":25},"end":{"line":33,"column":76}},"16":{"start":{"line":34,"column":4},"end":{"line":34,"column":41}},"17":{"start":{"line":47,"column":4},"end":{"line":47,"column":18}},"18":{"start":{"line":38,"column":18},"end":{"line":38,"column":43}},"19":{"start":{"line":39,"column":25},"end":{"line":39,"column":61}},"20":{"start":{"line":40,"column":4},"end":{"line":40,"column":24}},"21":{"start":{"line":46,"column":4},"end":{"line":46,"column":21}}},"fnMap":{"0":{"name":"isValidData","decl":{"start":{"line":4,"column":9},"end":{"line":4,"column":20}},"loc":{"start":{"line":4,"column":96},"end":{"line":29,"column":1}}},"1":{"name":"isValidISODate","decl":{"start":{"line":32,"column":9},"end":{"line":32,"column":23}},"loc":{"start":{"line":32,"column":42},"end":{"line":35,"column":1}}},"2":{"name":"formatValueToReal","decl":{"start":{"line":37,"column":9},"end":{"line":37,"column":26}},"loc":{"start":{"line":37,"column":46},"end":{"line":41,"column":1}}}},"branchMap":{"0":{"loc":{"start":{"line":7,"column":4},"end":{"line":9,"column":null}},"type":"if","locations":[{"start":{"line":7,"column":4},"end":{"line":9,"column":null}}]},"1":{"loc":{"start":{"line":11,"column":4},"end":{"line":13,"column":null}},"type":"if","locations":[{"start":{"line":11,"column":4},"end":{"line":13,"column":null}}]},"2":{"loc":{"start":{"line":15,"column":4},"end":{"line":17,"column":null}},"type":"if","locations":[{"start":{"line":15,"column":4},"end":{"line":17,"column":null}}]},"3":{"loc":{"start":{"line":20,"column":4},"end":{"line":22,"column":null}},"type":"if","locations":[{"start":{"line":20,"column":4},"end":{"line":22,"column":null}}]},"4":{"loc":{"start":{"line":20,"column":8},"end":{"line":20,"column":46}},"type":"binary-expr","locations":[{"start":{"line":20,"column":8},"end":{"line":20,"column":26}},{"start":{"line":20,"column":30},"end":{"line":20,"column":46}}]},"5":{"loc":{"start":{"line":24,"column":4},"end":{"line":26,"column":null}},"type":"if","locations":[{"start":{"line":24,"column":4},"end":{"line":26,"column":null}}]}},"s":{"0":1,"1":6,"2":6,"3":1,"4":6,"5":1,"6":6,"7":1,"8":6,"9":6,"10":1,"11":6,"12":1,"13":6,"14":1,"15":8,"16":8,"17":1,"18":1,"19":1,"20":1,"21":1},"f":{"0":6,"1":8,"2":1},"b":{"0":[1],"1":[1],"2":[1],"3":[1],"4":[6,6],"5":[1]}}
}
