TN:
SF:src\client\prisma.ts
FNF:0
FNH:0
DA:1,1
DA:3,1
DA:5,1
DA:7,1
LF:4
LH:4
BRF:0
BRH:0
end_of_record
TN:
SF:src\controllers\AuthController.ts
FN:13,(anonymous_8)
FN:39,(anonymous_10)
FN:68,(anonymous_12)
FNF:3
FNH:3
FNDA:2,(anonymous_8)
FNDA:3,(anonymous_10)
FNDA:2,(anonymous_12)
DA:1,1
DA:3,1
DA:4,1
DA:8,1
DA:9,1
DA:14,2
DA:15,2
DA:17,2
DA:18,2
DA:19,1
DA:22,1
DA:24,1
DA:32,1
DA:34,0
DA:35,0
DA:40,3
DA:41,3
DA:43,3
DA:44,3
DA:45,1
DA:48,2
DA:49,2
DA:50,1
DA:53,1
DA:55,1
DA:62,0
DA:63,0
DA:69,2
DA:70,2
DA:72,2
DA:74,2
DA:75,1
DA:78,1
DA:80,0
DA:81,0
DA:87,1
LF:36
LH:30
BRDA:18,0,0,1
BRDA:44,1,0,1
BRDA:49,2,0,1
BRDA:74,3,0,1
BRF:4
BRH:4
end_of_record
TN:
SF:src\enum\EVendorType.ts
FN:1,(anonymous_0)
FNF:1
FNH:1
FNDA:2,(anonymous_0)
DA:1,2
DA:2,2
DA:3,2
DA:4,2
LF:4
LH:4
BRDA:1,0,0,2
BRDA:1,0,1,2
BRF:2
BRH:2
end_of_record
TN:
SF:src\models\Product.ts
FN:16,(anonymous_0)
FNF:1
FNH:1
FNDA:2,(anonymous_0)
DA:17,2
DA:18,2
DA:19,2
DA:20,2
DA:21,2
DA:25,2
LF:6
LH:6
BRF:0
BRH:0
end_of_record
TN:
SF:src\models\Transaction.ts
FN:27,(anonymous_0)
FNF:1
FNH:1
FNDA:1,(anonymous_0)
DA:28,1
DA:29,1
DA:30,1
DA:31,1
DA:32,1
DA:33,1
DA:34,1
DA:35,1
DA:36,1
DA:41,1
LF:10
LH:10
BRF:0
BRH:0
end_of_record
TN:
SF:src\models\TransactionType.ts
FN:6,(anonymous_0)
FN:12,(anonymous_1)
FNF:2
FNH:2
FNDA:6,(anonymous_0)
FNDA:1,(anonymous_1)
DA:7,6
DA:8,6
DA:9,6
DA:13,1
DA:22,2
LF:5
LH:5
BRF:0
BRH:0
end_of_record
TN:
SF:src\models\Vendor.ts
FN:18,(anonymous_0)
FNF:1
FNH:1
FNDA:2,(anonymous_0)
DA:19,2
DA:20,2
DA:21,2
DA:22,2
DA:26,2
LF:5
LH:5
BRF:0
BRH:0
end_of_record
TN:
SF:src\utils\validations.ts
FN:4,isValidData
FN:32,isValidISODate
FN:37,formatValueToReal
FNF:3
FNH:3
FNDA:6,isValidData
FNDA:8,isValidISODate
FNDA:1,formatValueToReal
DA:1,1
DA:5,6
DA:7,6
DA:8,1
DA:11,6
DA:12,1
DA:15,6
DA:16,1
DA:19,6
DA:20,6
DA:21,1
DA:24,6
DA:25,1
DA:28,6
DA:33,8
DA:34,8
DA:38,1
DA:39,1
DA:40,1
DA:45,1
DA:46,1
DA:47,1
LF:22
LH:22
BRDA:7,0,0,1
BRDA:11,1,0,1
BRDA:15,2,0,1
BRDA:20,3,0,1
BRDA:20,4,0,6
BRDA:20,4,1,6
BRDA:24,5,0,1
BRF:7
BRH:7
end_of_record
