TN:
SF:src\controllers\AuthController.ts
FN:13,(anonymous_8)
FN:39,(anonymous_10)
FN:62,(anonymous_12)
FNF:3
FNH:3
FNDA:2,(anonymous_8)
FNDA:3,(anonymous_10)
FNDA:2,(anonymous_12)
DA:1,1
DA:3,1
DA:4,1
DA:8,1
DA:9,1
DA:14,2
DA:15,2
DA:17,2
DA:18,2
DA:19,1
DA:22,1
DA:24,1
DA:32,1
DA:34,0
DA:35,0
DA:40,3
DA:41,3
DA:43,3
DA:44,3
DA:45,1
DA:48,2
DA:49,2
DA:50,1
DA:53,1
DA:55,1
DA:57,0
DA:58,0
DA:63,2
DA:64,2
DA:66,2
DA:68,2
DA:69,1
DA:72,1
DA:74,0
DA:75,0
DA:81,1
LF:36
LH:30
BRDA:18,0,0,1
BRDA:44,1,0,1
BRDA:49,2,0,1
BRDA:68,3,0,1
BRF:4
BRH:4
end_of_record
